<?xml version="1.0" encoding="UTF-8"?>
<!-- Generated by org.testng.reporters.JUnitReportReporter -->
<testsuite skipped="0" hostname="LAPTOP-62EKUM01" name="com.prasanth.testscripts.google.G002" tests="1" failures="0" timestamp="18 Jan 2020 21:54:35 GMT" time="15.725" errors="0">
  <testcase name="testGoogle2" time="15.725" classname="com.prasanth.testscripts.google.G002"/>
</testsuite> <!-- com.prasanth.testscripts.google.G002 -->
