<?xml version="1.0" encoding="UTF-8"?>
<!-- Generated by org.testng.reporters.JUnitReportReporter -->
<testsuite skipped="0" hostname="LAPTOP-62EKUM01" name="com.prasanth.testscripts.google.G001" tests="1" failures="0" timestamp="18 Jan 2020 18:52:48 GMT" time="18.715" errors="0">
  <testcase name="testGoogle" time="18.715" classname="com.prasanth.testscripts.google.G001"/>
</testsuite> <!-- com.prasanth.testscripts.google.G001 -->
