<?xml version="1.0" encoding="UTF-8"?>
<!-- Generated by org.testng.reporters.JUnitReportReporter -->
<testsuite hostname="LAPTOP-62EKUM01" name="com.ing.testscripts.google.G001" tests="1" failures="0" timestamp="12 Jan 2020 12:07:30 GMT" time="5.724" errors="0">
  <testcase name="testGoogle" time="5.724" classname="com.ing.testscripts.google.G001"/>
</testsuite> <!-- com.ing.testscripts.google.G001 -->
