<?xml version="1.0" encoding="UTF-8"?>
<!-- Generated by org.testng.reporters.JUnitReportReporter -->
<testsuite skipped="0" hostname="LAPTOP-62EKUM01" name="com.prasanth.regressionsuite.Suite1" tests="1" failures="0" timestamp="18 Jan 2020 21:28:03 GMT" time="36.344" errors="0">
  <testcase name="testRegression" time="36.344" classname="com.prasanth.regressionsuite.Suite1"/>
</testsuite> <!-- com.prasanth.regressionsuite.Suite1 -->
