<?xml version="1.0" encoding="UTF-8"?>
<!-- Generated by org.testng.reporters.JUnitReportReporter -->
<testsuite skipped="0" hostname="LAPTOP-62EKUM01" name="com.prasanth.testscripts.google.G001" tests="1" failures="0" timestamp="18 Jan 2020 21:28:33 GMT" time="17.774" errors="0">
  <testcase name="testGoogle1" time="17.774" classname="com.prasanth.testscripts.google.G001"/>
</testsuite> <!-- com.prasanth.testscripts.google.G001 -->
